<?xml version="1.0" encoding="UTF-8"?>
<!-- Generated by org.testng.reporters.JUnitReportReporter -->
<testsuite skipped="0" hostname="Abdou-PC" name="com.inetBanking.testcases.TC_WithdrawalTest_005" tests="1" failures="0" timestamp="22 Mar 2021 22:03:50 GMT" time="10.547" errors="0">
  <testcase name="withdrawal" time="10.547" classname="com.inetBanking.testcases.TC_WithdrawalTest_005"/>
</testsuite> <!-- com.inetBanking.testcases.TC_WithdrawalTest_005 -->
