<?xml version="1.0" encoding="UTF-8"?>
<!-- Generated by org.testng.reporters.JUnitReportReporter -->
<testsuite skipped="0" hostname="Abdou-PC" name="com.inetBanking.testcases.TC_CustomisedStatementTest_007" tests="1" failures="0" timestamp="22 Mar 2021 22:03:50 GMT" time="10.708" errors="0">
  <testcase name="deposit" time="10.708" classname="com.inetBanking.testcases.TC_CustomisedStatementTest_007"/>
</testsuite> <!-- com.inetBanking.testcases.TC_CustomisedStatementTest_007 -->
