<?xml version="1.0" encoding="UTF-8"?>
<!-- Generated by org.testng.reporters.JUnitReportReporter -->
<testsuite skipped="0" hostname="Abdou-PC" name="com.inetBanking.testcases.TC_AddCustomerTest_003" tests="1" failures="0" timestamp="21 Mar 2021 23:06:07 GMT" time="16.388" errors="0">
  <testcase name="addNewCustomer" time="16.388" classname="com.inetBanking.testcases.TC_AddCustomerTest_003"/>
</testsuite> <!-- com.inetBanking.testcases.TC_AddCustomerTest_003 -->
