<?xml version="1.0" encoding="UTF-8"?>
<!-- Generated by org.testng.reporters.JUnitReportReporter -->
<testsuite skipped="0" hostname="Abdou-PC" name="com.inetBanking.testcases.TC_DepositTest_004" tests="1" failures="0" timestamp="21 Mar 2021 23:06:07 GMT" time="14.927" errors="0">
  <testcase name="deposit" time="14.927" classname="com.inetBanking.testcases.TC_DepositTest_004"/>
</testsuite> <!-- com.inetBanking.testcases.TC_DepositTest_004 -->
