<?xml version="1.0" encoding="UTF-8"?>
<!-- Generated by org.testng.reporters.JUnitReportReporter -->
<testsuite skipped="0" hostname="Abdou-PC" name="com.inetBanking.testcases.TC_HomeTest_002" tests="1" failures="0" timestamp="21 Mar 2021 23:06:07 GMT" time="16.767" errors="0">
  <testcase name="goHome" time="16.767" classname="com.inetBanking.testcases.TC_HomeTest_002"/>
</testsuite> <!-- com.inetBanking.testcases.TC_HomeTest_002 -->
